{"level":"info","message":"GET /api/v1/auth 404 16.740 ms - {}","timestamp":"2025-03-26T21:19:29.224Z"}
{"level":"info","message":"OPTIONS /api/v1/auth/register 204 1.924 ms - {}","timestamp":"2025-03-26T21:25:29.031Z"}
{"level":"info","message":"POST /api/v1/auth/register 400 76.876 ms - {\"name\":\"Test User 2\",\"email\":\"test2@example.com\",\"username\":\"testuser2\",\"password\":\"********\"}","timestamp":"2025-03-26T21:25:29.143Z"}
{"level":"info","message":"POST /api/v1/auth/register 400 7.730 ms - {\"name\":\"Test User 2\",\"email\":\"test2@example.com\",\"username\":\"testuser2\",\"password\":\"********\"}","timestamp":"2025-03-26T21:25:30.168Z"}
{"level":"info","message":"POST /api/v1/auth/register 400 7.187 ms - {\"name\":\"Test User 2\",\"email\":\"test2@example.com\",\"username\":\"testuser2\",\"password\":\"********\"}","timestamp":"2025-03-26T21:25:32.193Z"}
{"level":"info","message":"OPTIONS /api/v1/auth/register 204 0.749 ms - {}","timestamp":"2025-03-26T21:25:36.211Z"}
{"level":"info","message":"POST /api/v1/auth/register 400 6.302 ms - {\"name\":\"Test User 2\",\"email\":\"test2@example.com\",\"username\":\"testuser2\",\"password\":\"********\"}","timestamp":"2025-03-26T21:25:36.222Z"}
{"level":"info","message":"GET /api/v1/auth 404 2.734 ms - {}","timestamp":"2025-03-27T01:17:41.873Z"}
{"level":"info","message":"GET /api/v1/ 200 2.871 ms - {}","timestamp":"2025-03-27T01:17:42.347Z"}
{"level":"info","message":"GET /api/v1/user 404 1.224 ms - {}","timestamp":"2025-03-27T01:17:44.835Z"}
{"level":"info","message":"GET /api/v1/users 404 1.320 ms - {}","timestamp":"2025-03-27T01:17:54.168Z"}
{"level":"info","message":"GET /api/v1/hobbies 304 6.350 ms - {}","timestamp":"2025-03-27T01:18:31.815Z"}
{"level":"info","message":"OPTIONS /api/v1/auth/login 204 0.419 ms - {}","timestamp":"2025-03-27T01:41:03.544Z"}
{"level":"info","message":"POST /api/v1/auth/login 200 223.897 ms - {\"email\":\"test@example.com\",\"password\":\"********\"}","timestamp":"2025-03-27T01:41:03.789Z"}
{"level":"info","message":"OPTIONS /api/v1/users/location 204 0.757 ms - {}","timestamp":"2025-03-27T01:43:01.817Z"}
{"level":"info","message":"POST /api/v1/users/location 200 87.028 ms - {\"latitude\":39.8229504,\"longitude\":-86.163456,\"timestamp\":\"2025-03-27T01:43:01.791Z\"}","timestamp":"2025-03-27T01:43:01.912Z"}
{"level":"info","message":"POST /api/v1/users/location 200 34.964 ms - {\"latitude\":39.8229504,\"longitude\":-86.163456,\"timestamp\":\"2025-03-27T01:43:01.826Z\"}","timestamp":"2025-03-27T01:43:01.918Z"}
{"level":"info","message":"POST /api/v1/users/location 200 31.708 ms - {\"latitude\":39.8229504,\"longitude\":-86.163456,\"timestamp\":\"2025-03-27T01:43:01.830Z\"}","timestamp":"2025-03-27T01:43:01.923Z"}
{"level":"info","message":"POST /api/v1/users/location 200 17.695 ms - {\"latitude\":39.8229504,\"longitude\":-86.163456,\"timestamp\":\"2025-03-27T01:43:03.821Z\"}","timestamp":"2025-03-27T01:43:03.846Z"}
{"level":"info","message":"OPTIONS /api/v1/users/location 204 0.574 ms - {}","timestamp":"2025-03-27T01:43:11.675Z"}
{"level":"info","message":"POST /api/v1/users/location 200 14.878 ms - {\"latitude\":39.8229504,\"longitude\":-86.163456,\"timestamp\":\"2025-03-27T01:43:11.666Z\"}","timestamp":"2025-03-27T01:43:11.695Z"}
{"level":"info","message":"OPTIONS /api/v1/hobbies 204 0.270 ms - {}","timestamp":"2025-03-27T01:43:55.197Z"}
{"level":"info","message":"GET /api/v1/hobbies 304 3.065 ms - {}","timestamp":"2025-03-27T01:43:55.203Z"}
{"level":"info","message":"OPTIONS /api/v1/hobbies 204 0.344 ms - {}","timestamp":"2025-03-27T01:58:35.443Z"}
{"level":"info","message":"GET /api/v1/hobbies 304 2.734 ms - {}","timestamp":"2025-03-27T01:58:35.448Z"}
{"level":"info","message":"OPTIONS /api/v1/auth/me 204 0.863 ms - {}","timestamp":"2025-03-27T01:59:21.295Z"}
{"level":"info","message":"GET /api/v1/auth/me 200 16.807 ms - {}","timestamp":"2025-03-27T01:59:21.316Z"}
{"level":"info","message":"OPTIONS /api/v1/auth/me 204 0.413 ms - {}","timestamp":"2025-03-27T02:04:23.523Z"}
{"level":"info","message":"GET /api/v1/auth/me 200 17.401 ms - {}","timestamp":"2025-03-27T02:04:23.544Z"}
{"level":"info","message":"OPTIONS /api/v1/events/ 204 0.374 ms - {}","timestamp":"2025-03-27T02:04:32.593Z"}
{"level":"info","message":"GET /api/v1/events/ 200 1.151 ms - {}","timestamp":"2025-03-27T02:04:32.609Z"}
{"level":"info","message":"OPTIONS /api/v1/users/location 204 0.494 ms - {}","timestamp":"2025-03-27T02:05:42.674Z"}
{"level":"info","message":"OPTIONS /api/v1/users/location 204 0.375 ms - {}","timestamp":"2025-03-27T02:05:42.679Z"}
{"level":"info","message":"OPTIONS /api/v1/users/location 204 0.434 ms - {}","timestamp":"2025-03-27T02:05:42.683Z"}
{"level":"info","message":"POST /api/v1/users/location 200 42.624 ms - {\"latitude\":39.8229504,\"longitude\":-86.163456,\"timestamp\":\"2025-03-27T02:05:42.593Z\"}","timestamp":"2025-03-27T02:05:42.752Z"}
{"level":"info","message":"POST /api/v1/users/location 200 34.712 ms - {\"latitude\":39.8229504,\"longitude\":-86.163456,\"timestamp\":\"2025-03-27T02:05:42.600Z\"}","timestamp":"2025-03-27T02:05:42.755Z"}
{"level":"info","message":"POST /api/v1/users/location 200 31.914 ms - {\"latitude\":39.8229504,\"longitude\":-86.163456,\"timestamp\":\"2025-03-27T02:05:42.602Z\"}","timestamp":"2025-03-27T02:05:42.760Z"}
{"level":"info","message":"POST /api/v1/users/location 200 18.318 ms - {\"latitude\":39.8229504,\"longitude\":-86.163456,\"timestamp\":\"2025-03-27T02:05:44.588Z\"}","timestamp":"2025-03-27T02:05:44.614Z"}
{"level":"info","message":"OPTIONS /api/v1/auth/me 204 0.240 ms - {}","timestamp":"2025-03-27T02:13:21.362Z"}
{"level":"info","message":"GET /api/v1/auth/me 200 10.613 ms - {}","timestamp":"2025-03-27T02:13:21.382Z"}
{"level":"info","message":"OPTIONS /api/v1/users/location 204 0.428 ms - {}","timestamp":"2025-03-27T02:15:46.985Z"}
{"level":"info","message":"OPTIONS /api/v1/users/location 204 0.443 ms - {}","timestamp":"2025-03-27T02:15:46.997Z"}
{"level":"info","message":"OPTIONS /api/v1/users/location 204 0.216 ms - {}","timestamp":"2025-03-27T02:15:46.999Z"}
{"level":"info","message":"POST /api/v1/users/location 200 23.898 ms - {\"latitude\":39.8229504,\"longitude\":-86.163456,\"timestamp\":\"2025-03-27T02:15:46.976Z\"}","timestamp":"2025-03-27T02:15:47.014Z"}
{"level":"info","message":"POST /api/v1/users/location 200 15.158 ms - {\"latitude\":39.8229504,\"longitude\":-86.163456,\"timestamp\":\"2025-03-27T02:15:46.983Z\"}","timestamp":"2025-03-27T02:15:47.022Z"}
{"level":"info","message":"POST /api/v1/users/location 200 14.817 ms - {\"latitude\":39.8229504,\"longitude\":-86.163456,\"timestamp\":\"2025-03-27T02:15:46.981Z\"}","timestamp":"2025-03-27T02:15:47.024Z"}
{"level":"info","message":"POST /api/v1/users/location 200 5.360 ms - {\"latitude\":39.8229504,\"longitude\":-86.163456,\"timestamp\":\"2025-03-27T02:15:48.980Z\"}","timestamp":"2025-03-27T02:15:48.988Z"}
{"level":"info","message":"OPTIONS /api/v1/hobbies 204 0.185 ms - {}","timestamp":"2025-03-27T02:15:58.557Z"}
{"level":"info","message":"GET /api/v1/hobbies 304 2.492 ms - {}","timestamp":"2025-03-27T02:15:58.562Z"}
{"level":"info","message":"OPTIONS /api/v1/auth/logout 204 0.223 ms - {}","timestamp":"2025-03-27T02:16:07.008Z"}
{"level":"info","message":"POST /api/v1/auth/logout 200 0.832 ms - {}","timestamp":"2025-03-27T02:16:07.013Z"}
{"level":"info","message":"OPTIONS /api/v1/users/location 204 0.180 ms - {}","timestamp":"2025-03-27T02:16:07.110Z"}
{"level":"info","message":"POST /api/v1/users/location 401 0.569 ms - {\"latitude\":39.8229504,\"longitude\":-86.163456,\"timestamp\":\"2025-03-27T02:16:07.103Z\"}","timestamp":"2025-03-27T02:16:07.113Z"}
{"level":"info","message":"POST /api/v1/auth/logout 200 0.468 ms - {}","timestamp":"2025-03-27T02:19:01.057Z"}
{"level":"info","message":"OPTIONS /api/v1/users/location 204 0.335 ms - {}","timestamp":"2025-03-27T02:29:34.273Z"}
{"level":"info","message":"POST /api/v1/users/location 401 1.266 ms - {\"latitude\":39.8229504,\"longitude\":-86.163456,\"timestamp\":\"2025-03-27T02:29:34.240Z\"}","timestamp":"2025-03-27T02:29:34.278Z"}
{"level":"info","message":"POST /api/v1/users/location 401 0.753 ms - {\"latitude\":39.8229504,\"longitude\":-86.163456,\"timestamp\":\"2025-03-27T02:29:34.353Z\"}","timestamp":"2025-03-27T02:29:34.357Z"}
{"level":"info","message":"POST /api/v1/users/location 401 0.721 ms - {\"latitude\":39.8229504,\"longitude\":-86.163456,\"timestamp\":\"2025-03-27T02:29:34.354Z\"}","timestamp":"2025-03-27T02:29:34.359Z"}
{"level":"info","message":"POST /api/v1/users/location 401 0.494 ms - {\"latitude\":39.8229504,\"longitude\":-86.163456,\"timestamp\":\"2025-03-27T02:29:36.280Z\"}","timestamp":"2025-03-27T02:29:36.283Z"}
{"level":"info","message":"OPTIONS /api/v1/users/location 204 0.243 ms - {}","timestamp":"2025-03-27T02:29:44.198Z"}
{"level":"info","message":"POST /api/v1/users/location 401 0.622 ms - {\"latitude\":39.8229504,\"longitude\":-86.163456,\"timestamp\":\"2025-03-27T02:29:44.193Z\"}","timestamp":"2025-03-27T02:29:44.200Z"}
{"level":"info","message":"OPTIONS /api/v1/users/location 204 0.233 ms - {}","timestamp":"2025-03-27T02:30:09.685Z"}
{"level":"info","message":"POST /api/v1/users/location 401 0.648 ms - {\"latitude\":39.8229504,\"longitude\":-86.163456,\"timestamp\":\"2025-03-27T02:30:09.675Z\"}","timestamp":"2025-03-27T02:30:09.688Z"}
{"level":"info","message":"OPTIONS /api/v1/users/location 204 0.206 ms - {}","timestamp":"2025-03-27T02:31:49.016Z"}
{"level":"info","message":"POST /api/v1/users/location 401 0.637 ms - {\"latitude\":39.8229504,\"longitude\":-86.163456,\"timestamp\":\"2025-03-27T02:31:49.011Z\"}","timestamp":"2025-03-27T02:31:49.019Z"}
{"level":"info","message":"OPTIONS /api/v1/users/location 204 0.255 ms - {}","timestamp":"2025-03-27T02:32:22.073Z"}
{"level":"info","message":"POST /api/v1/users/location 401 0.851 ms - {\"latitude\":39.8229504,\"longitude\":-86.163456,\"timestamp\":\"2025-03-27T02:32:22.066Z\"}","timestamp":"2025-03-27T02:32:22.076Z"}
{"level":"info","message":"POST /api/v1/users/location 401 0.744 ms - {\"latitude\":39.8229504,\"longitude\":-86.163456,\"timestamp\":\"2025-03-27T02:32:22.101Z\"}","timestamp":"2025-03-27T02:32:22.106Z"}
{"level":"info","message":"POST /api/v1/users/location 401 0.837 ms - {\"latitude\":39.8229504,\"longitude\":-86.163456,\"timestamp\":\"2025-03-27T02:32:22.112Z\"}","timestamp":"2025-03-27T02:32:22.125Z"}
{"level":"info","message":"OPTIONS /api/v1/users/location 204 0.225 ms - {}","timestamp":"2025-03-27T02:32:28.564Z"}
{"level":"info","message":"OPTIONS /api/v1/users/location 204 0.186 ms - {}","timestamp":"2025-03-27T02:32:28.565Z"}
{"level":"info","message":"POST /api/v1/users/location 401 0.648 ms - {\"latitude\":39.8229504,\"longitude\":-86.163456,\"timestamp\":\"2025-03-27T02:32:28.551Z\"}","timestamp":"2025-03-27T02:32:28.568Z"}
{"level":"info","message":"POST /api/v1/users/location 401 0.660 ms - {\"latitude\":39.8229504,\"longitude\":-86.163456,\"timestamp\":\"2025-03-27T02:32:28.553Z\"}","timestamp":"2025-03-27T02:32:28.570Z"}
{"level":"info","message":"POST /api/v1/users/location 401 1.757 ms - {\"latitude\":39.8229504,\"longitude\":-86.163456,\"timestamp\":\"2025-03-27T02:32:30.525Z\"}","timestamp":"2025-03-27T02:32:30.532Z"}
{"level":"info","message":"POST /api/v1/users/location 401 0.966 ms - {\"latitude\":39.8229504,\"longitude\":-86.163456,\"timestamp\":\"2025-03-27T02:32:30.527Z\"}","timestamp":"2025-03-27T02:32:30.535Z"}
{"level":"info","message":"OPTIONS /api/v1/users/location 204 0.201 ms - {}","timestamp":"2025-03-27T02:34:08.119Z"}
{"level":"info","message":"POST /api/v1/users/location 401 0.704 ms - {\"latitude\":39.8229504,\"longitude\":-86.163456,\"timestamp\":\"2025-03-27T02:34:08.114Z\"}","timestamp":"2025-03-27T02:34:08.122Z"}
{"level":"info","message":"POST /api/v1/users/location 401 1.402 ms - {\"latitude\":39.8229504,\"longitude\":-86.163456,\"timestamp\":\"2025-03-27T02:34:11.427Z\"}","timestamp":"2025-03-27T02:34:11.439Z"}
{"level":"info","message":"POST /api/v1/users/location 401 0.895 ms - {\"latitude\":39.8229504,\"longitude\":-86.163456,\"timestamp\":\"2025-03-27T02:34:11.429Z\"}","timestamp":"2025-03-27T02:34:11.447Z"}
{"level":"info","message":"OPTIONS /api/v1/users/location 204 0.259 ms - {}","timestamp":"2025-03-27T02:34:13.430Z"}
{"level":"info","message":"OPTIONS /api/v1/users/location 204 0.267 ms - {}","timestamp":"2025-03-27T02:34:13.432Z"}
{"level":"info","message":"POST /api/v1/users/location 401 0.708 ms - {\"latitude\":39.8229504,\"longitude\":-86.163456,\"timestamp\":\"2025-03-27T02:34:13.424Z\"}","timestamp":"2025-03-27T02:34:13.434Z"}
{"level":"info","message":"POST /api/v1/users/location 401 0.734 ms - {\"latitude\":39.8229504,\"longitude\":-86.163456,\"timestamp\":\"2025-03-27T02:34:13.425Z\"}","timestamp":"2025-03-27T02:34:13.437Z"}
{"level":"info","message":"OPTIONS /api/v1/users/location 204 0.352 ms - {}","timestamp":"2025-03-27T02:34:18.598Z"}
{"level":"info","message":"POST /api/v1/users/location 401 0.997 ms - {\"latitude\":39.8229504,\"longitude\":-86.163456,\"timestamp\":\"2025-03-27T02:34:18.586Z\"}","timestamp":"2025-03-27T02:34:18.602Z"}
{"level":"info","message":"POST /api/v1/users/location 401 1.270 ms - {\"latitude\":39.8229504,\"longitude\":-86.163456,\"timestamp\":\"2025-03-27T02:34:18.765Z\"}","timestamp":"2025-03-27T02:34:18.772Z"}
{"level":"info","message":"POST /api/v1/users/location 401 1.670 ms - {\"latitude\":39.8229504,\"longitude\":-86.163456,\"timestamp\":\"2025-03-27T02:34:18.768Z\"}","timestamp":"2025-03-27T02:34:18.780Z"}
{"level":"info","message":"POST /api/v1/users/location 401 0.610 ms - {\"latitude\":39.8229504,\"longitude\":-86.163456,\"timestamp\":\"2025-03-27T02:34:20.603Z\"}","timestamp":"2025-03-27T02:34:20.607Z"}
{"level":"info","message":"OPTIONS /api/v1/users/location 204 0.227 ms - {}","timestamp":"2025-03-27T02:34:38.535Z"}
{"level":"info","message":"POST /api/v1/users/location 401 0.631 ms - {\"latitude\":39.8229504,\"longitude\":-86.163456,\"timestamp\":\"2025-03-27T02:34:38.529Z\"}","timestamp":"2025-03-27T02:34:38.539Z"}
{"level":"info","message":"OPTIONS /api/v1/users/location 204 0.305 ms - {}","timestamp":"2025-03-27T02:36:42.349Z"}
{"level":"info","message":"POST /api/v1/users/location 401 0.875 ms - {\"latitude\":39.8229504,\"longitude\":-86.163456,\"timestamp\":\"2025-03-27T02:36:42.334Z\"}","timestamp":"2025-03-27T02:36:42.360Z"}
{"level":"info","message":"POST /api/v1/users/location 401 0.760 ms - {\"latitude\":39.8229504,\"longitude\":-86.163456,\"timestamp\":\"2025-03-27T02:36:44.345Z\"}","timestamp":"2025-03-27T02:36:44.350Z"}
{"level":"info","message":"OPTIONS /api/v1/users/location 204 0.177 ms - {}","timestamp":"2025-03-27T02:36:48.556Z"}
{"level":"info","message":"POST /api/v1/users/location 401 0.581 ms - {\"latitude\":39.8229504,\"longitude\":-86.163456,\"timestamp\":\"2025-03-27T02:36:48.550Z\"}","timestamp":"2025-03-27T02:36:48.558Z"}
{"level":"info","message":"OPTIONS /api/v1/users/location 204 0.184 ms - {}","timestamp":"2025-03-27T02:37:35.266Z"}
{"level":"info","message":"POST /api/v1/users/location 401 2.337 ms - {\"latitude\":39.8229504,\"longitude\":-86.163456,\"timestamp\":\"2025-03-27T02:37:35.257Z\"}","timestamp":"2025-03-27T02:37:35.283Z"}
{"level":"info","message":"OPTIONS /api/v1/users/location 204 0.196 ms - {}","timestamp":"2025-03-27T02:40:10.490Z"}
{"level":"info","message":"POST /api/v1/users/location 401 1.405 ms - {\"latitude\":39.8229504,\"longitude\":-86.163456,\"timestamp\":\"2025-03-27T02:40:10.479Z\"}","timestamp":"2025-03-27T02:40:10.506Z"}
{"level":"info","message":"POST /api/v1/users/location 401 0.704 ms - {\"latitude\":39.8229504,\"longitude\":-86.163456,\"timestamp\":\"2025-03-27T02:40:12.489Z\"}","timestamp":"2025-03-27T02:40:12.494Z"}
{"level":"info","message":"OPTIONS /api/v1/users/location 204 0.267 ms - {}","timestamp":"2025-03-27T02:42:51.197Z"}
{"level":"info","message":"POST /api/v1/users/location 401 0.664 ms - {\"latitude\":39.8229504,\"longitude\":-86.163456,\"timestamp\":\"2025-03-27T02:42:51.181Z\"}","timestamp":"2025-03-27T02:42:51.211Z"}
{"level":"info","message":"POST /api/v1/users/location 401 0.882 ms - {\"latitude\":39.8229504,\"longitude\":-86.163456,\"timestamp\":\"2025-03-27T02:42:51.204Z\"}","timestamp":"2025-03-27T02:42:51.215Z"}
{"level":"info","message":"POST /api/v1/users/location 401 2.167 ms - {\"latitude\":39.8229504,\"longitude\":-86.163456,\"timestamp\":\"2025-03-27T02:42:51.206Z\"}","timestamp":"2025-03-27T02:42:51.220Z"}
{"level":"info","message":"POST /api/v1/users/location 401 0.730 ms - {\"latitude\":39.8229504,\"longitude\":-86.163456,\"timestamp\":\"2025-03-27T02:42:53.196Z\"}","timestamp":"2025-03-27T02:42:53.201Z"}
{"level":"info","message":"OPTIONS /api/v1/users/location 204 0.173 ms - {}","timestamp":"2025-03-27T02:44:19.047Z"}
{"level":"info","message":"POST /api/v1/users/location 401 0.670 ms - {\"latitude\":39.8229504,\"longitude\":-86.163456,\"timestamp\":\"2025-03-27T02:44:19.041Z\"}","timestamp":"2025-03-27T02:44:19.049Z"}
{"level":"info","message":"POST /api/v1/users/location 401 1.337 ms - {\"latitude\":39.8229504,\"longitude\":-86.163456,\"timestamp\":\"2025-03-27T02:44:20.052Z\"}","timestamp":"2025-03-27T02:44:20.064Z"}
{"level":"info","message":"POST /api/v1/users/location 401 1.332 ms - {\"latitude\":39.8229504,\"longitude\":-86.163456,\"timestamp\":\"2025-03-27T02:44:22.775Z\"}","timestamp":"2025-03-27T02:44:22.783Z"}
{"level":"info","message":"OPTIONS /api/v1/users/location 204 0.162 ms - {}","timestamp":"2025-03-27T02:44:24.784Z"}
{"level":"info","message":"POST /api/v1/users/location 401 0.666 ms - {\"latitude\":39.8229504,\"longitude\":-86.163456,\"timestamp\":\"2025-03-27T02:44:24.780Z\"}","timestamp":"2025-03-27T02:44:24.787Z"}
{"level":"info","message":"OPTIONS /api/v1/users/location 204 0.371 ms - {}","timestamp":"2025-03-27T02:44:36.947Z"}
{"level":"info","message":"OPTIONS /api/v1/users/location 204 0.296 ms - {}","timestamp":"2025-03-27T02:44:36.951Z"}
{"level":"info","message":"POST /api/v1/users/location 401 1.401 ms - {\"latitude\":39.8229504,\"longitude\":-86.163456,\"timestamp\":\"2025-03-27T02:44:36.885Z\"}","timestamp":"2025-03-27T02:44:36.961Z"}
{"level":"info","message":"POST /api/v1/users/location 401 1.116 ms - {\"latitude\":39.8229504,\"longitude\":-86.163456,\"timestamp\":\"2025-03-27T02:44:36.893Z\"}","timestamp":"2025-03-27T02:44:36.965Z"}
{"level":"info","message":"POST /api/v1/users/location 401 0.899 ms - {\"latitude\":39.8229504,\"longitude\":-86.163456,\"timestamp\":\"2025-03-27T02:44:37.092Z\"}","timestamp":"2025-03-27T02:44:37.098Z"}
{"level":"info","message":"POST /api/v1/users/location 401 0.924 ms - {\"latitude\":39.8229504,\"longitude\":-86.163456,\"timestamp\":\"2025-03-27T02:44:38.869Z\"}","timestamp":"2025-03-27T02:44:38.874Z"}
{"level":"info","message":"OPTIONS /api/v1/users/location 204 0.270 ms - {}","timestamp":"2025-03-27T02:51:04.992Z"}
{"level":"info","message":"POST /api/v1/users/location 401 0.793 ms - {\"latitude\":39.8229504,\"longitude\":-86.163456,\"timestamp\":\"2025-03-27T02:51:04.986Z\"}","timestamp":"2025-03-27T02:51:04.995Z"}
{"level":"info","message":"POST /api/v1/users/location 401 0.964 ms - {\"latitude\":39.8229504,\"longitude\":-86.163456,\"timestamp\":\"2025-03-27T02:51:09.269Z\"}","timestamp":"2025-03-27T02:51:09.282Z"}
{"level":"info","message":"OPTIONS /api/v1/users/location 204 0.164 ms - {}","timestamp":"2025-03-27T02:51:11.281Z"}
{"level":"info","message":"POST /api/v1/users/location 401 0.439 ms - {\"latitude\":39.8229504,\"longitude\":-86.163456,\"timestamp\":\"2025-03-27T02:51:11.278Z\"}","timestamp":"2025-03-27T02:51:11.283Z"}
{"level":"info","message":"POST /api/v1/users/location 401 2.018 ms - {\"latitude\":39.8229504,\"longitude\":-86.163456,\"timestamp\":\"2025-03-27T02:51:16.047Z\"}","timestamp":"2025-03-27T02:51:16.062Z"}
{"level":"info","message":"POST /api/v1/users/location 401 1.081 ms - {\"latitude\":39.8229504,\"longitude\":-86.163456,\"timestamp\":\"2025-03-27T02:51:16.056Z\"}","timestamp":"2025-03-27T02:51:16.068Z"}
{"level":"info","message":"POST /api/v1/users/location 401 0.994 ms - {\"latitude\":39.8229504,\"longitude\":-86.163456,\"timestamp\":\"2025-03-27T02:51:16.176Z\"}","timestamp":"2025-03-27T02:51:16.183Z"}
{"level":"info","message":"OPTIONS /api/v1/users/location 204 0.302 ms - {}","timestamp":"2025-03-27T02:51:18.036Z"}
{"level":"info","message":"POST /api/v1/users/location 401 0.737 ms - {\"latitude\":39.8229504,\"longitude\":-86.163456,\"timestamp\":\"2025-03-27T02:51:18.032Z\"}","timestamp":"2025-03-27T02:51:18.039Z"}
{"level":"info","message":"POST /api/v1/users/location 401 0.475 ms - {\"latitude\":39.8229504,\"longitude\":-86.163456,\"timestamp\":\"2025-03-27T02:51:19.278Z\"}","timestamp":"2025-03-27T02:51:19.282Z"}
{"level":"info","message":"OPTIONS /api/v1/users/location 204 0.232 ms - {}","timestamp":"2025-03-27T02:55:22.628Z"}
{"level":"info","message":"POST /api/v1/users/location 401 0.764 ms - {\"latitude\":39.8229504,\"longitude\":-86.163456,\"timestamp\":\"2025-03-27T02:55:22.619Z\"}","timestamp":"2025-03-27T02:55:22.631Z"}
{"level":"info","message":"POST /api/v1/users/location 401 0.817 ms - {\"latitude\":39.8229504,\"longitude\":-86.163456,\"timestamp\":\"2025-03-27T02:55:24.612Z\"}","timestamp":"2025-03-27T02:55:24.616Z"}
{"level":"info","message":"OPTIONS /api/v1/users/location 204 0.427 ms - {}","timestamp":"2025-03-27T02:56:06.526Z"}
{"level":"info","message":"POST /api/v1/users/location 401 1.164 ms - {\"latitude\":39.8229504,\"longitude\":-86.163456,\"timestamp\":\"2025-03-27T02:56:06.510Z\"}","timestamp":"2025-03-27T02:56:06.530Z"}
{"level":"info","message":"OPTIONS /api/v1/users/location 204 0.414 ms - {}","timestamp":"2025-03-27T02:56:06.535Z"}
{"level":"info","message":"OPTIONS /api/v1/users/location 204 0.253 ms - {}","timestamp":"2025-03-27T02:56:06.538Z"}
{"level":"info","message":"POST /api/v1/users/location 401 0.720 ms - {\"latitude\":39.8229504,\"longitude\":-86.163456,\"timestamp\":\"2025-03-27T02:56:06.514Z\"}","timestamp":"2025-03-27T02:56:06.541Z"}
{"level":"info","message":"POST /api/v1/users/location 401 0.886 ms - {\"latitude\":39.8229504,\"longitude\":-86.163456,\"timestamp\":\"2025-03-27T02:56:06.517Z\"}","timestamp":"2025-03-27T02:56:06.544Z"}
{"level":"info","message":"POST /api/v1/users/location 401 0.919 ms - {\"latitude\":39.8229504,\"longitude\":-86.163456,\"timestamp\":\"2025-03-27T02:56:08.510Z\"}","timestamp":"2025-03-27T02:56:08.516Z"}
{"level":"info","message":"OPTIONS /api/v1/users/location 204 0.342 ms - {}","timestamp":"2025-03-27T02:57:47.998Z"}
{"level":"info","message":"POST /api/v1/users/location 401 0.821 ms - {\"latitude\":39.8229504,\"longitude\":-86.163456,\"timestamp\":\"2025-03-27T02:57:47.992Z\"}","timestamp":"2025-03-27T02:57:48.001Z"}
{"level":"info","message":"POST /api/v1/users/location 401 0.827 ms - {\"latitude\":39.8229504,\"longitude\":-86.163456,\"timestamp\":\"2025-03-27T02:57:52.658Z\"}","timestamp":"2025-03-27T02:57:52.665Z"}
{"level":"info","message":"OPTIONS /api/v1/users/location 204 0.149 ms - {}","timestamp":"2025-03-27T02:57:54.660Z"}
{"level":"info","message":"POST /api/v1/users/location 401 0.664 ms - {\"latitude\":39.8229504,\"longitude\":-86.163456,\"timestamp\":\"2025-03-27T02:57:54.655Z\"}","timestamp":"2025-03-27T02:57:54.662Z"}
{"level":"info","message":"OPTIONS /api/v1/users/location 204 0.445 ms - {}","timestamp":"2025-03-27T02:58:03.239Z"}
{"level":"info","message":"OPTIONS /api/v1/users/location 204 0.283 ms - {}","timestamp":"2025-03-27T02:58:03.242Z"}
{"level":"info","message":"POST /api/v1/users/location 401 1.312 ms - {\"latitude\":39.8229504,\"longitude\":-86.163456,\"timestamp\":\"2025-03-27T02:58:03.214Z\"}","timestamp":"2025-03-27T02:58:03.247Z"}
{"level":"info","message":"POST /api/v1/users/location 401 1.877 ms - {\"latitude\":39.8229504,\"longitude\":-86.163456,\"timestamp\":\"2025-03-27T02:58:03.222Z\"}","timestamp":"2025-03-27T02:58:03.264Z"}
{"level":"info","message":"POST /api/v1/users/location 401 1.017 ms - {\"latitude\":39.8229504,\"longitude\":-86.163456,\"timestamp\":\"2025-03-27T02:58:03.444Z\"}","timestamp":"2025-03-27T02:58:03.465Z"}
{"level":"info","message":"POST /api/v1/users/location 401 0.647 ms - {\"latitude\":39.8229504,\"longitude\":-86.163456,\"timestamp\":\"2025-03-27T02:58:05.134Z\"}","timestamp":"2025-03-27T02:58:05.138Z"}
{"level":"info","message":"OPTIONS /api/v1/users/location 204 0.188 ms - {}","timestamp":"2025-03-27T02:58:42.595Z"}
{"level":"info","message":"POST /api/v1/users/location 401 0.811 ms - {\"latitude\":39.8229504,\"longitude\":-86.163456,\"timestamp\":\"2025-03-27T02:58:42.584Z\"}","timestamp":"2025-03-27T02:58:42.598Z"}
{"level":"info","message":"POST /api/v1/users/location 401 0.844 ms - {\"latitude\":39.8229504,\"longitude\":-86.163456,\"timestamp\":\"2025-03-27T02:58:44.590Z\"}","timestamp":"2025-03-27T02:58:44.595Z"}
{"level":"info","message":"OPTIONS /api/v1/users/location 204 0.279 ms - {}","timestamp":"2025-03-27T02:58:47.850Z"}
{"level":"info","message":"OPTIONS /api/v1/users/location 204 0.400 ms - {}","timestamp":"2025-03-27T02:58:47.895Z"}
{"level":"info","message":"POST /api/v1/users/location 401 2.194 ms - {\"latitude\":39.8229504,\"longitude\":-86.163456,\"timestamp\":\"2025-03-27T02:58:47.847Z\"}","timestamp":"2025-03-27T02:58:47.901Z"}
{"level":"info","message":"POST /api/v1/users/location 401 1.451 ms - {\"latitude\":39.8229504,\"longitude\":-86.163456,\"timestamp\":\"2025-03-27T02:58:47.840Z\"}","timestamp":"2025-03-27T02:58:47.907Z"}
{"level":"info","message":"POST /api/v1/users/location 401 1.014 ms - {\"latitude\":39.8229504,\"longitude\":-86.163456,\"timestamp\":\"2025-03-27T02:58:47.939Z\"}","timestamp":"2025-03-27T02:58:47.966Z"}
{"level":"info","message":"POST /api/v1/users/location 401 0.736 ms - {\"latitude\":39.8229504,\"longitude\":-86.163456,\"timestamp\":\"2025-03-27T02:58:49.833Z\"}","timestamp":"2025-03-27T02:58:49.838Z"}
{"level":"info","message":"POST /api/v1/users/location 401 0.567 ms - {\"latitude\":39.8229504,\"longitude\":-86.163456,\"timestamp\":\"2025-03-27T02:58:52.584Z\"}","timestamp":"2025-03-27T02:58:52.587Z"}
{"level":"info","message":"OPTIONS /api/v1/users/location 204 0.269 ms - {}","timestamp":"2025-03-27T03:00:45.353Z"}
{"level":"info","message":"POST /api/v1/users/location 401 0.968 ms - {\"latitude\":39.8229504,\"longitude\":-86.163456,\"timestamp\":\"2025-03-27T03:00:45.334Z\"}","timestamp":"2025-03-27T03:00:45.360Z"}
{"level":"info","message":"OPTIONS /api/v1/users/location 204 0.206 ms - {}","timestamp":"2025-03-27T03:02:44.005Z"}
{"level":"info","message":"POST /api/v1/users/location 401 0.675 ms - {\"latitude\":39.8229504,\"longitude\":-86.163456,\"timestamp\":\"2025-03-27T03:02:43.999Z\"}","timestamp":"2025-03-27T03:02:44.007Z"}
{"level":"info","message":"POST /api/v1/users/location 401 2.946 ms - {\"latitude\":39.8229504,\"longitude\":-86.163456,\"timestamp\":\"2025-03-27T03:02:48.811Z\"}","timestamp":"2025-03-27T03:02:48.824Z"}
{"level":"info","message":"OPTIONS /api/v1/users/location 204 0.162 ms - {}","timestamp":"2025-03-27T03:02:50.796Z"}
{"level":"info","message":"POST /api/v1/users/location 401 0.589 ms - {\"latitude\":39.8229504,\"longitude\":-86.163456,\"timestamp\":\"2025-03-27T03:02:50.792Z\"}","timestamp":"2025-03-27T03:02:50.798Z"}
{"level":"info","message":"POST /api/v1/users/location 401 1.300 ms - {\"latitude\":39.8229504,\"longitude\":-86.163456,\"timestamp\":\"2025-03-27T03:02:54.610Z\"}","timestamp":"2025-03-27T03:02:54.626Z"}
{"level":"info","message":"POST /api/v1/users/location 401 1.079 ms - {\"latitude\":39.8229504,\"longitude\":-86.163456,\"timestamp\":\"2025-03-27T03:02:54.618Z\"}","timestamp":"2025-03-27T03:02:54.630Z"}
{"level":"info","message":"POST /api/v1/users/location 401 0.918 ms - {\"latitude\":39.8229504,\"longitude\":-86.163456,\"timestamp\":\"2025-03-27T03:02:54.781Z\"}","timestamp":"2025-03-27T03:02:54.786Z"}
{"level":"info","message":"OPTIONS /api/v1/users/location 204 0.324 ms - {}","timestamp":"2025-03-27T03:02:56.470Z"}
{"level":"info","message":"POST /api/v1/users/location 401 0.777 ms - {\"latitude\":39.8229504,\"longitude\":-86.163456,\"timestamp\":\"2025-03-27T03:02:56.466Z\"}","timestamp":"2025-03-27T03:02:56.473Z"}
{"level":"info","message":"POST /api/v1/users/location 401 0.562 ms - {\"latitude\":39.8229504,\"longitude\":-86.163456,\"timestamp\":\"2025-03-27T03:02:58.794Z\"}","timestamp":"2025-03-27T03:02:58.798Z"}
{"level":"info","message":"OPTIONS /api/v1/users/location 204 0.190 ms - {}","timestamp":"2025-03-27T03:03:57.983Z"}
{"level":"info","message":"POST /api/v1/users/location 401 0.505 ms - {\"latitude\":39.8229504,\"longitude\":-86.163456,\"timestamp\":\"2025-03-27T03:03:57.979Z\"}","timestamp":"2025-03-27T03:03:57.985Z"}
{"level":"info","message":"POST /api/v1/users/location 401 0.935 ms - {\"latitude\":39.8229504,\"longitude\":-86.163456,\"timestamp\":\"2025-03-27T03:04:00.613Z\"}","timestamp":"2025-03-27T03:04:00.623Z"}
{"level":"info","message":"POST /api/v1/users/location 401 0.642 ms - {\"latitude\":39.8229504,\"longitude\":-86.163456,\"timestamp\":\"2025-03-27T03:04:02.622Z\"}","timestamp":"2025-03-27T03:04:02.632Z"}
{"level":"info","message":"OPTIONS /api/v1/users/location 204 0.373 ms - {}","timestamp":"2025-03-27T03:04:06.760Z"}
{"level":"info","message":"POST /api/v1/users/location 401 1.162 ms - {\"latitude\":39.8229504,\"longitude\":-86.163456,\"timestamp\":\"2025-03-27T03:04:06.741Z\"}","timestamp":"2025-03-27T03:04:06.775Z"}
{"level":"info","message":"POST /api/v1/users/location 401 1.171 ms - {\"latitude\":39.8229504,\"longitude\":-86.163456,\"timestamp\":\"2025-03-27T03:04:06.764Z\"}","timestamp":"2025-03-27T03:04:06.779Z"}
{"level":"info","message":"POST /api/v1/users/location 401 0.982 ms - {\"latitude\":39.8229504,\"longitude\":-86.163456,\"timestamp\":\"2025-03-27T03:04:06.767Z\"}","timestamp":"2025-03-27T03:04:06.783Z"}
{"level":"info","message":"POST /api/v1/users/location 401 0.669 ms - {\"latitude\":39.8229504,\"longitude\":-86.163456,\"timestamp\":\"2025-03-27T03:04:08.763Z\"}","timestamp":"2025-03-27T03:04:08.767Z"}
{"level":"info","message":"OPTIONS /api/v1/users/location 204 0.359 ms - {}","timestamp":"2025-03-27T03:05:02.069Z"}
{"level":"info","message":"POST /api/v1/users/location 401 1.174 ms - {\"latitude\":39.8229504,\"longitude\":-86.163456,\"timestamp\":\"2025-03-27T03:05:02.051Z\"}","timestamp":"2025-03-27T03:05:02.073Z"}
{"level":"info","message":"POST /api/v1/users/location 401 1.288 ms - {\"latitude\":39.8229504,\"longitude\":-86.163456,\"timestamp\":\"2025-03-27T03:05:02.077Z\"}","timestamp":"2025-03-27T03:05:02.091Z"}
{"level":"info","message":"POST /api/v1/users/location 401 1.129 ms - {\"latitude\":39.8229504,\"longitude\":-86.163456,\"timestamp\":\"2025-03-27T03:05:02.088Z\"}","timestamp":"2025-03-27T03:05:02.098Z"}
{"level":"info","message":"POST /api/v1/users/location 401 0.789 ms - {\"latitude\":39.8229504,\"longitude\":-86.163456,\"timestamp\":\"2025-03-27T03:05:04.069Z\"}","timestamp":"2025-03-27T03:05:04.074Z"}
{"level":"info","message":"OPTIONS /api/v1/users/location 204 0.166 ms - {}","timestamp":"2025-03-27T03:05:08.817Z"}
{"level":"info","message":"POST /api/v1/users/location 401 0.515 ms - {\"latitude\":39.8229504,\"longitude\":-86.163456,\"timestamp\":\"2025-03-27T03:05:08.814Z\"}","timestamp":"2025-03-27T03:05:08.819Z"}
{"level":"info","message":"OPTIONS /api/v1/users/location 204 0.169 ms - {}","timestamp":"2025-03-27T03:08:20.551Z"}
{"level":"info","message":"POST /api/v1/users/location 401 1.256 ms - {\"latitude\":39.8229504,\"longitude\":-86.163456,\"timestamp\":\"2025-03-27T03:08:20.539Z\"}","timestamp":"2025-03-27T03:08:20.562Z"}
{"level":"info","message":"OPTIONS /api/v1/users/location 204 1.325 ms - {}","timestamp":"2025-03-27T03:09:35.551Z"}
{"level":"info","message":"POST /api/v1/users/location 401 1.167 ms - {\"latitude\":39.8229504,\"longitude\":-86.163456,\"timestamp\":\"2025-03-27T03:09:35.535Z\"}","timestamp":"2025-03-27T03:09:35.560Z"}
{"level":"info","message":"POST /api/v1/users/location 401 0.764 ms - {\"latitude\":39.8229504,\"longitude\":-86.163456,\"timestamp\":\"2025-03-27T03:09:37.527Z\"}","timestamp":"2025-03-27T03:09:37.534Z"}
{"level":"info","message":"OPTIONS /api/v1/users/location 204 0.245 ms - {}","timestamp":"2025-03-27T03:11:04.345Z"}
{"level":"info","message":"POST /api/v1/users/location 401 2.196 ms - {\"latitude\":39.8229504,\"longitude\":-86.163456,\"timestamp\":\"2025-03-27T03:11:04.333Z\"}","timestamp":"2025-03-27T03:11:04.351Z"}
{"level":"info","message":"OPTIONS /api/v1/users/location 204 0.397 ms - {}","timestamp":"2025-03-27T03:11:26.101Z"}
{"level":"info","message":"POST /api/v1/users/location 401 1.718 ms - {\"latitude\":39.8229504,\"longitude\":-86.163456,\"timestamp\":\"2025-03-27T03:11:26.092Z\"}","timestamp":"2025-03-27T03:11:26.106Z"}
{"level":"info","message":"OPTIONS /api/v1/users/location 204 0.212 ms - {}","timestamp":"2025-03-27T03:12:01.794Z"}
{"level":"info","message":"POST /api/v1/users/location 401 1.228 ms - {\"latitude\":39.8229504,\"longitude\":-86.163456,\"timestamp\":\"2025-03-27T03:12:01.785Z\"}","timestamp":"2025-03-27T03:12:01.797Z"}
{"level":"info","message":"POST /api/v1/users/location 401 0.590 ms - {\"latitude\":39.8229504,\"longitude\":-86.163456,\"timestamp\":\"2025-03-27T03:12:03.772Z\"}","timestamp":"2025-03-27T03:12:03.776Z"}
{"level":"info","message":"OPTIONS /api/v1/users/location 204 0.313 ms - {}","timestamp":"2025-03-27T03:12:08.703Z"}
{"level":"info","message":"POST /api/v1/users/location 401 1.020 ms - {\"latitude\":39.8229504,\"longitude\":-86.163456,\"timestamp\":\"2025-03-27T03:12:08.683Z\"}","timestamp":"2025-03-27T03:12:08.707Z"}
{"level":"info","message":"POST /api/v1/users/location 401 2.734 ms - {\"latitude\":39.8229504,\"longitude\":-86.163456,\"timestamp\":\"2025-03-27T03:12:08.875Z\"}","timestamp":"2025-03-27T03:12:08.883Z"}
{"level":"info","message":"POST /api/v1/users/location 401 0.962 ms - {\"latitude\":39.8229504,\"longitude\":-86.163456,\"timestamp\":\"2025-03-27T03:12:08.877Z\"}","timestamp":"2025-03-27T03:12:08.887Z"}
{"level":"info","message":"POST /api/v1/users/location 401 0.790 ms - {\"latitude\":39.8229504,\"longitude\":-86.163456,\"timestamp\":\"2025-03-27T03:12:10.711Z\"}","timestamp":"2025-03-27T03:12:10.715Z"}
{"level":"info","message":"POST /api/v1/users/location 401 0.673 ms - {\"latitude\":39.8229504,\"longitude\":-86.163456,\"timestamp\":\"2025-03-27T03:12:11.764Z\"}","timestamp":"2025-03-27T03:12:11.768Z"}
{"level":"info","message":"OPTIONS /api/v1/users/location 204 0.397 ms - {}","timestamp":"2025-03-27T03:13:28.734Z"}
{"level":"info","message":"POST /api/v1/users/location 401 1.228 ms - {\"latitude\":39.8229504,\"longitude\":-86.163456,\"timestamp\":\"2025-03-27T03:13:28.711Z\"}","timestamp":"2025-03-27T03:13:28.752Z"}
{"level":"info","message":"POST /api/v1/users/location 401 0.924 ms - {\"latitude\":39.8229504,\"longitude\":-86.163456,\"timestamp\":\"2025-03-27T03:13:30.719Z\"}","timestamp":"2025-03-27T03:13:30.724Z"}
{"level":"info","message":"OPTIONS /api/v1/users/location 204 0.207 ms - {}","timestamp":"2025-03-27T03:14:24.198Z"}
{"level":"info","message":"POST /api/v1/users/location 401 0.700 ms - {\"latitude\":39.8229504,\"longitude\":-86.163456,\"timestamp\":\"2025-03-27T03:14:24.184Z\"}","timestamp":"2025-03-27T03:14:24.201Z"}
{"level":"info","message":"POST /api/v1/users/location 401 0.524 ms - {\"latitude\":39.8229504,\"longitude\":-86.163456,\"timestamp\":\"2025-03-27T03:14:26.189Z\"}","timestamp":"2025-03-27T03:14:26.193Z"}
{"level":"info","message":"GET /api/v1/hobbies 304 19.455 ms - {}","timestamp":"2025-03-27T04:54:38.378Z"}
{"level":"info","message":"OPTIONS /api/v1/auth/login 204 1.757 ms - {}","timestamp":"2025-03-27T06:16:03.632Z"}
{"level":"info","message":"POST /api/v1/auth/login 200 120.878 ms - {\"email\":\"test@example.com\",\"password\":\"********\"}","timestamp":"2025-03-27T06:16:03.756Z"}
{"level":"info","message":"OPTIONS /api/v1/hobbies 204 0.116 ms - {}","timestamp":"2025-03-27T06:16:21.363Z"}
{"level":"info","message":"GET /api/v1/hobbies 304 1.853 ms - {}","timestamp":"2025-03-27T06:16:21.366Z"}
{"level":"info","message":"OPTIONS /api/v1/auth/logout 204 0.163 ms - {}","timestamp":"2025-03-27T06:16:23.276Z"}
{"level":"info","message":"POST /api/v1/auth/logout 200 0.435 ms - {}","timestamp":"2025-03-27T06:16:23.281Z"}
{"level":"info","message":"GET /api/v1/hobbies 304 13.383 ms - {}","timestamp":"2025-03-27T21:25:48.997Z"}
{"level":"info","message":"POST /api/v1/hobbies/1-running/join 401 11.157 ms - {}","timestamp":"2025-03-28T01:52:33.970Z"}
{"level":"info","message":"POST /api/v1/hobbies/1-basketball/join 401 1.062 ms - {}","timestamp":"2025-03-28T01:52:33.985Z"}
{"level":"info","message":"POST /api/v1/hobbies/1-soccer/join 401 0.771 ms - {}","timestamp":"2025-03-28T01:52:33.994Z"}
{"level":"info","message":"POST /api/v1/hobbies/1-skateboarding/join 401 0.630 ms - {}","timestamp":"2025-03-28T01:52:33.998Z"}
{"level":"info","message":"POST /api/v1/hobbies/2-painting/join 401 0.956 ms - {}","timestamp":"2025-03-28T01:52:34.010Z"}
{"level":"info","message":"POST /api/v1/hobbies/2-drawing/join 401 1.527 ms - {}","timestamp":"2025-03-28T01:52:34.019Z"}
{"level":"info","message":"POST /api/v1/hobbies/2-photography/join 401 0.680 ms - {}","timestamp":"2025-03-28T01:52:34.071Z"}
{"level":"info","message":"POST /api/v1/hobbies/2-digital-art/join 401 0.884 ms - {}","timestamp":"2025-03-28T01:52:34.077Z"}
{"level":"info","message":"POST /api/v1/hobbies/3-programming/join 401 0.910 ms - {}","timestamp":"2025-03-28T01:52:34.103Z"}
{"level":"info","message":"POST /api/v1/hobbies/3-gaming/join 401 0.693 ms - {}","timestamp":"2025-03-28T01:52:34.108Z"}
{"level":"info","message":"POST /api/v1/hobbies/3-robotics/join 401 1.075 ms - {}","timestamp":"2025-03-28T01:52:34.113Z"}
{"level":"info","message":"POST /api/v1/hobbies/3-web-design/join 401 0.646 ms - {}","timestamp":"2025-03-28T01:52:34.117Z"}
{"level":"info","message":"POST /api/v1/hobbies/3-ai/ml/join 404 9.159 ms - {}","timestamp":"2025-03-28T01:52:34.120Z"}
{"level":"info","message":"POST /api/v1/hobbies/3-mobile-apps/join 401 0.789 ms - {}","timestamp":"2025-03-28T01:52:34.124Z"}
{"level":"info","message":"POST /api/v1/hobbies/4-fishing/join 401 0.689 ms - {}","timestamp":"2025-03-28T01:52:34.127Z"}
{"level":"info","message":"POST /api/v1/hobbies/4-bird-watching/join 401 0.864 ms - {}","timestamp":"2025-03-28T01:52:34.133Z"}
{"level":"info","message":"POST /api/v1/hobbies/5-wine-tasting/join 401 1.035 ms - {}","timestamp":"2025-03-28T01:52:34.136Z"}
{"level":"info","message":"POST /api/v1/hobbies/3-ai/ml/join 404 0.956 ms - {}","timestamp":"2025-03-28T01:52:35.173Z"}
{"level":"info","message":"POST /api/v1/hobbies/3-ai/ml/join 404 1.634 ms - {}","timestamp":"2025-03-28T01:52:37.189Z"}
{"level":"info","message":"POST /api/v1/hobbies/3-ai/ml/join 404 1.774 ms - {}","timestamp":"2025-03-28T01:52:41.211Z"}
{"level":"info","message":"GET /api/v1/hobbies 304 42.415 ms - {}","timestamp":"2025-03-28T03:00:25.123Z"}
{"level":"info","message":"POST /api/v1/auth/logout 200 2.206 ms - {}","timestamp":"2025-03-28T03:01:20.726Z"}
{"level":"info","message":"POST /api/v1/auth/logout 200 0.963 ms - {}","timestamp":"2025-03-28T03:01:25.808Z"}
{"level":"info","message":"OPTIONS /api/v1/auth/register 204 0.508 ms - {}","timestamp":"2025-03-28T03:02:43.771Z"}
{"level":"info","message":"POST /api/v1/auth/register 400 20.070 ms - {\"name\":\"Test User 2\",\"email\":\"test2@example.com\",\"username\":\"testuser2\",\"password\":\"********\"}","timestamp":"2025-03-28T03:02:43.800Z"}
{"level":"info","message":"POST /api/v1/auth/register 400 5.338 ms - {\"name\":\"Test User 2\",\"email\":\"test2@example.com\",\"username\":\"testuser2\",\"password\":\"********\"}","timestamp":"2025-03-28T03:02:44.822Z"}
{"level":"info","message":"POST /api/v1/auth/register 400 4.808 ms - {\"name\":\"Test User 2\",\"email\":\"test2@example.com\",\"username\":\"testuser2\",\"password\":\"********\"}","timestamp":"2025-03-28T03:02:46.836Z"}
{"level":"info","message":"OPTIONS /api/v1/auth/register 204 0.312 ms - {}","timestamp":"2025-03-28T03:02:50.850Z"}
{"level":"info","message":"POST /api/v1/auth/register 400 4.679 ms - {\"name\":\"Test User 2\",\"email\":\"test2@example.com\",\"username\":\"testuser2\",\"password\":\"********\"}","timestamp":"2025-03-28T03:02:50.858Z"}
{"level":"info","message":"POST /api/v1/auth/logout 200 1.066 ms - {}","timestamp":"2025-03-28T03:33:45.682Z"}
{"level":"info","message":"GET /api/v1/hobbies 304 10.756 ms - {}","timestamp":"2025-03-28T04:02:48.134Z"}
{"level":"info","message":"OPTIONS /api/v1/auth/login 204 1.783 ms - {}","timestamp":"2025-03-28T23:25:28.548Z"}
{"level":"info","message":"POST /api/v1/auth/login 200 130.145 ms - {\"email\":\"test@example.com\",\"password\":\"********\"}","timestamp":"2025-03-28T23:25:28.682Z"}
{"level":"info","message":"OPTIONS /api/v1/hobbies 204 0.180 ms - {}","timestamp":"2025-03-28T23:25:46.665Z"}
{"level":"info","message":"GET /api/v1/hobbies 304 1.920 ms - {}","timestamp":"2025-03-28T23:25:46.668Z"}
{"level":"info","message":"OPTIONS /api/v1/auth/me 204 1.236 ms - {}","timestamp":"2025-03-28T23:26:04.351Z"}
{"level":"info","message":"GET /api/v1/auth/me 200 14.336 ms - {}","timestamp":"2025-03-28T23:26:04.374Z"}
{"level":"info","message":"OPTIONS /api/v1/hobbies 204 0.257 ms - {}","timestamp":"2025-03-28T23:31:57.236Z"}
{"level":"info","message":"POST /api/v1/hobbies 201 43.286 ms - {\"name\":\"Fishing\",\"description\":\"Fishing Activity with guys and Girls on Saturday to promote community and nature.\",\"category\":\"Community Activities\"}","timestamp":"2025-03-28T23:31:57.282Z"}
{"level":"info","message":"OPTIONS /api/v1/auth/me 204 1.038 ms - {}","timestamp":"2025-03-28T23:32:43.068Z"}
{"level":"info","message":"GET /api/v1/auth/me 200 14.226 ms - {}","timestamp":"2025-03-28T23:32:43.087Z"}
{"level":"info","message":"OPTIONS /api/v1/events/ 204 0.342 ms - {}","timestamp":"2025-03-28T23:32:43.572Z"}
{"level":"info","message":"GET /api/v1/events/ 200 2.062 ms - {}","timestamp":"2025-03-28T23:32:43.599Z"}
{"level":"info","message":"OPTIONS /api/v1/auth/logout 204 0.269 ms - {}","timestamp":"2025-03-28T23:34:01.671Z"}
{"level":"info","message":"POST /api/v1/auth/logout 200 0.382 ms - {}","timestamp":"2025-03-28T23:34:01.675Z"}
{"level":"info","message":"GET /api/v1/hobbies 200 45.256 ms - {}","timestamp":"2025-03-29T00:30:33.767Z"}
{"level":"info","message":"GET /api/v1/events 304 1.246 ms - {}","timestamp":"2025-03-29T00:30:46.757Z"}
{"level":"info","message":"GET /api/v1/notifications 404 1.199 ms - {}","timestamp":"2025-03-29T00:31:05.387Z"}
{"level":"info","message":"GET /api/v1/notification 404 0.531 ms - {}","timestamp":"2025-03-29T00:31:14.410Z"}
{"level":"info","message":"GET /api/v1/events 304 0.568 ms - {}","timestamp":"2025-03-29T00:31:43.355Z"}
